0 info it worked if it ends with ok
1 verbose cli [ 'C:\\Program Files\\nodejs\\node.exe',
1 verbose cli   'C:\\Program Files\\nodejs\\node_modules\\npm\\bin\\npm-cli.js',
1 verbose cli   'run',
1 verbose cli   'protractor' ]
2 info using npm@3.10.10
3 info using node@v6.11.0
4 verbose run-script [ 'preprotractor', 'protractor', 'postprotractor' ]
5 info lifecycle curly-lamp@0.0.0~preprotractor: curly-lamp@0.0.0
6 verbose lifecycle curly-lamp@0.0.0~preprotractor: unsafe-perm in lifecycle true
7 verbose lifecycle curly-lamp@0.0.0~preprotractor: PATH: C:\Program Files\nodejs\node_modules\npm\bin\node-gyp-bin;C:\Users\pio\Documents\curly-lamp\node_modules\.bin;C:\WINDOWS\system32;C:\WINDOWS;C:\WINDOWS\System32\Wbem;C:\WINDOWS\System32\WindowsPowerShell\v1.0\;C:\Program Files\Broadcom\Broadcom 802.11 Network Adapter\Driver;C:\Program Files\nodejs\;C:\Program Files\Git\cmd;C:\Users\pio\AppData\Local\Microsoft\WindowsApps;C:\Users\pio\AppData\Roaming\npm;C:\Program Files\MongoDB\Server\3.4\bin;;C:\Program Files\Microsoft VS Code\bin
8 verbose lifecycle curly-lamp@0.0.0~preprotractor: CWD: C:\Users\pio\Documents\curly-lamp
9 silly lifecycle curly-lamp@0.0.0~preprotractor: Args: [ '/d /s /c', 'npm run update-webdriver' ]
10 silly lifecycle curly-lamp@0.0.0~preprotractor: Returned: code: 0  signal: null
11 info lifecycle curly-lamp@0.0.0~protractor: curly-lamp@0.0.0
12 verbose lifecycle curly-lamp@0.0.0~protractor: unsafe-perm in lifecycle true
13 verbose lifecycle curly-lamp@0.0.0~protractor: PATH: C:\Program Files\nodejs\node_modules\npm\bin\node-gyp-bin;C:\Users\pio\Documents\curly-lamp\node_modules\.bin;C:\WINDOWS\system32;C:\WINDOWS;C:\WINDOWS\System32\Wbem;C:\WINDOWS\System32\WindowsPowerShell\v1.0\;C:\Program Files\Broadcom\Broadcom 802.11 Network Adapter\Driver;C:\Program Files\nodejs\;C:\Program Files\Git\cmd;C:\Users\pio\AppData\Local\Microsoft\WindowsApps;C:\Users\pio\AppData\Roaming\npm;C:\Program Files\MongoDB\Server\3.4\bin;;C:\Program Files\Microsoft VS Code\bin
14 verbose lifecycle curly-lamp@0.0.0~protractor: CWD: C:\Users\pio\Documents\curly-lamp
15 silly lifecycle curly-lamp@0.0.0~protractor: Args: [ '/d /s /c', 'protractor e2e-tests/protractor.conf.js' ]
16 silly lifecycle curly-lamp@0.0.0~protractor: Returned: code: 199  signal: null
17 info lifecycle curly-lamp@0.0.0~protractor: Failed to exec protractor script
18 verbose stack Error: curly-lamp@0.0.0 protractor: `protractor e2e-tests/protractor.conf.js`
18 verbose stack Exit status 199
18 verbose stack     at EventEmitter.<anonymous> (C:\Program Files\nodejs\node_modules\npm\lib\utils\lifecycle.js:255:16)
18 verbose stack     at emitTwo (events.js:106:13)
18 verbose stack     at EventEmitter.emit (events.js:191:7)
18 verbose stack     at ChildProcess.<anonymous> (C:\Program Files\nodejs\node_modules\npm\lib\utils\spawn.js:40:14)
18 verbose stack     at emitTwo (events.js:106:13)
18 verbose stack     at ChildProcess.emit (events.js:191:7)
18 verbose stack     at maybeClose (internal/child_process.js:891:16)
18 verbose stack     at Process.ChildProcess._handle.onexit (internal/child_process.js:226:5)
19 verbose pkgid curly-lamp@0.0.0
20 verbose cwd C:\Users\pio\Documents\curly-lamp
21 error Windows_NT 10.0.15063
22 error argv "C:\\Program Files\\nodejs\\node.exe" "C:\\Program Files\\nodejs\\node_modules\\npm\\bin\\npm-cli.js" "run" "protractor"
23 error node v6.11.0
24 error npm  v3.10.10
25 error code ELIFECYCLE
26 error curly-lamp@0.0.0 protractor: `protractor e2e-tests/protractor.conf.js`
26 error Exit status 199
27 error Failed at the curly-lamp@0.0.0 protractor script 'protractor e2e-tests/protractor.conf.js'.
27 error Make sure you have the latest version of node.js and npm installed.
27 error If you do, this is most likely a problem with the curly-lamp package,
27 error not with npm itself.
27 error Tell the author that this fails on your system:
27 error     protractor e2e-tests/protractor.conf.js
27 error You can get information on how to open an issue for this project with:
27 error     npm bugs curly-lamp
27 error Or if that isn't available, you can get their info via:
27 error     npm owner ls curly-lamp
27 error There is likely additional logging output above.
28 verbose exit [ 1, true ]
